build/app/intermediates/manifest_merge_blame_file/debug/manifest-merger-blame-debug-report.txt
1<?xml version="1.0" encoding="utf-8"?>
2<manifest xmlns:android="http://schemas.android.com/apk/res/android"
3    package="com.fermion.flutter.template.flutter_template_project"
4    android:versionCode="1"
5    android:versionName="1.0.0" >
6
7    <uses-sdk
8        android:minSdkVersion="19"
9        android:targetSdkVersion="33" />
10    <!--
11         The INTERNET permission is required for development. Specifically,
12         the Flutter tool needs it to communicate with the running application
13         to allow setting breakpoints, to provide hot reload, etc.
14    -->
15    <uses-permission android:name="android.permission.INTERNET" />
15-->src\debug\AndroidManifest.xml:6:5-66
15-->src\debug\AndroidManifest.xml:6:22-64
16    <uses-permission android:name="android.permission.ACCESS_NETWORK_STATE" />
16-->[com.google.firebase:firebase-installations:17.2.0] AndroidManifest.xml:7:5-79
16-->[com.google.firebase:firebase-installations:17.2.0] AndroidManifest.xml:7:22-76
17
18    <application
19        android:name="android.app.Application"
20        android:appComponentFactory="androidx.core.app.CoreComponentFactory"
20-->[androidx.core:core:1.6.0] AndroidManifest.xml:24:18-86
21        android:debuggable="true"
22        android:icon="@mipmap/ic_launcher"
23        android:label="flutter_template_project" >
24        <activity
25            android:name="com.fermion.flutter.template.flutter_template_project.MainActivity"
26            android:configChanges="orientation|keyboardHidden|keyboard|screenSize|smallestScreenSize|locale|layoutDirection|fontScale|screenLayout|density|uiMode"
27            android:exported="true"
28            android:hardwareAccelerated="true"
29            android:launchMode="singleTop"
30            android:theme="@style/LaunchTheme"
31            android:windowSoftInputMode="adjustResize" >
32
33            <!--
34                 Specifies an Android theme to apply to this Activity as soon as
35                 the Android process has started. This theme is visible to the user
36                 while the Flutter UI initializes. After that, this theme continues
37                 to determine the Window background behind the Flutter UI.
38            -->
39            <meta-data
40                android:name="io.flutter.embedding.android.NormalTheme"
41                android:resource="@style/NormalTheme" />
42
43            <intent-filter>
44                <action android:name="android.intent.action.MAIN" />
45
46                <category android:name="android.intent.category.LAUNCHER" />
47            </intent-filter>
48        </activity>
49        <!--
50             Don't delete the meta-data below.
51             This is used by the Flutter tool to generate GeneratedPluginRegistrant.java
52        -->
53        <meta-data
54            android:name="flutterEmbedding"
55            android:value="2" />
56
57        <service
57-->[:firebase_crashlytics] AndroidManifest.xml:10:9-14:19
58            android:name="com.google.firebase.components.ComponentDiscoveryService"
58-->[:firebase_crashlytics] AndroidManifest.xml:10:18-89
59            android:directBootAware="true"
59-->[com.google.firebase:firebase-common:20.4.2] AndroidManifest.xml:32:13-43
60            android:exported="false" >
60-->[com.google.firebase:firebase-crashlytics:18.6.0] AndroidManifest.xml:14:13-37
61            <meta-data
61-->[:firebase_crashlytics] AndroidManifest.xml:11:13-13:85
62                android:name="com.google.firebase.components:io.flutter.plugins.firebase.crashlytics.FlutterFirebaseAppRegistrar"
62-->[:firebase_crashlytics] AndroidManifest.xml:12:17-130
63                android:value="com.google.firebase.components.ComponentRegistrar" />
63-->[:firebase_crashlytics] AndroidManifest.xml:13:17-82
64            <meta-data
64-->[:firebase_core] AndroidManifest.xml:11:13-13:85
65                android:name="com.google.firebase.components:io.flutter.plugins.firebase.core.FlutterFirebaseCoreRegistrar"
65-->[:firebase_core] AndroidManifest.xml:12:17-124
66                android:value="com.google.firebase.components.ComponentRegistrar" />
66-->[:firebase_core] AndroidManifest.xml:13:17-82
67            <meta-data
67-->[com.google.firebase:firebase-crashlytics:18.6.0] AndroidManifest.xml:15:13-17:85
68                android:name="com.google.firebase.components:com.google.firebase.crashlytics.FirebaseCrashlyticsKtxRegistrar"
68-->[com.google.firebase:firebase-crashlytics:18.6.0] AndroidManifest.xml:16:17-126
69                android:value="com.google.firebase.components.ComponentRegistrar" />
69-->[com.google.firebase:firebase-crashlytics:18.6.0] AndroidManifest.xml:17:17-82
70            <meta-data
70-->[com.google.firebase:firebase-crashlytics:18.6.0] AndroidManifest.xml:18:13-20:85
71                android:name="com.google.firebase.components:com.google.firebase.crashlytics.CrashlyticsRegistrar"
71-->[com.google.firebase:firebase-crashlytics:18.6.0] AndroidManifest.xml:19:17-115
72                android:value="com.google.firebase.components.ComponentRegistrar" />
72-->[com.google.firebase:firebase-crashlytics:18.6.0] AndroidManifest.xml:20:17-82
73            <meta-data
73-->[com.google.firebase:firebase-sessions:1.2.0] AndroidManifest.xml:29:13-31:85
74                android:name="com.google.firebase.components:com.google.firebase.sessions.FirebaseSessionsRegistrar"
74-->[com.google.firebase:firebase-sessions:1.2.0] AndroidManifest.xml:30:17-117
75                android:value="com.google.firebase.components.ComponentRegistrar" />
75-->[com.google.firebase:firebase-sessions:1.2.0] AndroidManifest.xml:31:17-82
76            <meta-data
76-->[com.google.firebase:firebase-installations:17.2.0] AndroidManifest.xml:15:13-17:85
77                android:name="com.google.firebase.components:com.google.firebase.installations.FirebaseInstallationsKtxRegistrar"
77-->[com.google.firebase:firebase-installations:17.2.0] AndroidManifest.xml:16:17-130
78                android:value="com.google.firebase.components.ComponentRegistrar" />
78-->[com.google.firebase:firebase-installations:17.2.0] AndroidManifest.xml:17:17-82
79            <meta-data
79-->[com.google.firebase:firebase-installations:17.2.0] AndroidManifest.xml:18:13-20:85
80                android:name="com.google.firebase.components:com.google.firebase.installations.FirebaseInstallationsRegistrar"
80-->[com.google.firebase:firebase-installations:17.2.0] AndroidManifest.xml:19:17-127
81                android:value="com.google.firebase.components.ComponentRegistrar" />
81-->[com.google.firebase:firebase-installations:17.2.0] AndroidManifest.xml:20:17-82
82            <meta-data
82-->[com.google.firebase:firebase-common-ktx:20.4.2] AndroidManifest.xml:12:13-14:85
83                android:name="com.google.firebase.components:com.google.firebase.ktx.FirebaseCommonLegacyRegistrar"
83-->[com.google.firebase:firebase-common-ktx:20.4.2] AndroidManifest.xml:13:17-116
84                android:value="com.google.firebase.components.ComponentRegistrar" />
84-->[com.google.firebase:firebase-common-ktx:20.4.2] AndroidManifest.xml:14:17-82
85            <meta-data
85-->[com.google.firebase:firebase-common:20.4.2] AndroidManifest.xml:35:13-37:85
86                android:name="com.google.firebase.components:com.google.firebase.FirebaseCommonKtxRegistrar"
86-->[com.google.firebase:firebase-common:20.4.2] AndroidManifest.xml:36:17-109
87                android:value="com.google.firebase.components.ComponentRegistrar" />
87-->[com.google.firebase:firebase-common:20.4.2] AndroidManifest.xml:37:17-82
88            <meta-data
88-->[com.google.firebase:firebase-datatransport:18.1.8] AndroidManifest.xml:27:13-29:85
89                android:name="com.google.firebase.components:com.google.firebase.datatransport.TransportRegistrar"
89-->[com.google.firebase:firebase-datatransport:18.1.8] AndroidManifest.xml:28:17-115
90                android:value="com.google.firebase.components.ComponentRegistrar" />
90-->[com.google.firebase:firebase-datatransport:18.1.8] AndroidManifest.xml:29:17-82
91        </service>
92        <service
92-->[com.google.firebase:firebase-sessions:1.2.0] AndroidManifest.xml:22:9-25:40
93            android:name="com.google.firebase.sessions.SessionLifecycleService"
93-->[com.google.firebase:firebase-sessions:1.2.0] AndroidManifest.xml:23:13-80
94            android:enabled="true"
94-->[com.google.firebase:firebase-sessions:1.2.0] AndroidManifest.xml:24:13-35
95            android:exported="false" />
95-->[com.google.firebase:firebase-sessions:1.2.0] AndroidManifest.xml:25:13-37
96
97        <provider
97-->[com.google.firebase:firebase-common:20.4.2] AndroidManifest.xml:23:9-28:39
98            android:name="com.google.firebase.provider.FirebaseInitProvider"
98-->[com.google.firebase:firebase-common:20.4.2] AndroidManifest.xml:24:13-77
99            android:authorities="com.fermion.flutter.template.flutter_template_project.firebaseinitprovider"
99-->[com.google.firebase:firebase-common:20.4.2] AndroidManifest.xml:25:13-72
100            android:directBootAware="true"
100-->[com.google.firebase:firebase-common:20.4.2] AndroidManifest.xml:26:13-43
101            android:exported="false"
101-->[com.google.firebase:firebase-common:20.4.2] AndroidManifest.xml:27:13-37
102            android:initOrder="100" />
102-->[com.google.firebase:firebase-common:20.4.2] AndroidManifest.xml:28:13-36
103
104        <uses-library
104-->[androidx.window:window:1.0.0-beta04] AndroidManifest.xml:25:9-27:40
105            android:name="androidx.window.extensions"
105-->[androidx.window:window:1.0.0-beta04] AndroidManifest.xml:26:13-54
106            android:required="false" />
106-->[androidx.window:window:1.0.0-beta04] AndroidManifest.xml:27:13-37
107        <uses-library
107-->[androidx.window:window:1.0.0-beta04] AndroidManifest.xml:28:9-30:40
108            android:name="androidx.window.sidecar"
108-->[androidx.window:window:1.0.0-beta04] AndroidManifest.xml:29:13-51
109            android:required="false" />
109-->[androidx.window:window:1.0.0-beta04] AndroidManifest.xml:30:13-37
110
111        <service
111-->[com.google.android.datatransport:transport-backend-cct:3.1.9] AndroidManifest.xml:28:9-34:19
112            android:name="com.google.android.datatransport.runtime.backends.TransportBackendDiscovery"
112-->[com.google.android.datatransport:transport-backend-cct:3.1.9] AndroidManifest.xml:29:13-103
113            android:exported="false" >
113-->[com.google.android.datatransport:transport-backend-cct:3.1.9] AndroidManifest.xml:30:13-37
114            <meta-data
114-->[com.google.android.datatransport:transport-backend-cct:3.1.9] AndroidManifest.xml:31:13-33:39
115                android:name="backend:com.google.android.datatransport.cct.CctBackendFactory"
115-->[com.google.android.datatransport:transport-backend-cct:3.1.9] AndroidManifest.xml:32:17-94
116                android:value="cct" />
116-->[com.google.android.datatransport:transport-backend-cct:3.1.9] AndroidManifest.xml:33:17-36
117        </service>
118
119        <meta-data
119-->[com.google.android.gms:play-services-basement:18.1.0] AndroidManifest.xml:21:9-23:69
120            android:name="com.google.android.gms.version"
120-->[com.google.android.gms:play-services-basement:18.1.0] AndroidManifest.xml:22:13-58
121            android:value="@integer/google_play_services_version" />
121-->[com.google.android.gms:play-services-basement:18.1.0] AndroidManifest.xml:23:13-66
122
123        <service
123-->[com.google.android.datatransport:transport-runtime:3.1.9] AndroidManifest.xml:26:9-30:19
124            android:name="com.google.android.datatransport.runtime.scheduling.jobscheduling.JobInfoSchedulerService"
124-->[com.google.android.datatransport:transport-runtime:3.1.9] AndroidManifest.xml:27:13-117
125            android:exported="false"
125-->[com.google.android.datatransport:transport-runtime:3.1.9] AndroidManifest.xml:28:13-37
126            android:permission="android.permission.BIND_JOB_SERVICE" >
126-->[com.google.android.datatransport:transport-runtime:3.1.9] AndroidManifest.xml:29:13-69
127        </service>
128
129        <receiver
129-->[com.google.android.datatransport:transport-runtime:3.1.9] AndroidManifest.xml:32:9-34:40
130            android:name="com.google.android.datatransport.runtime.scheduling.jobscheduling.AlarmManagerSchedulerBroadcastReceiver"
130-->[com.google.android.datatransport:transport-runtime:3.1.9] AndroidManifest.xml:33:13-132
131            android:exported="false" />
131-->[com.google.android.datatransport:transport-runtime:3.1.9] AndroidManifest.xml:34:13-37
132    </application>
133
134</manifest>